Using pre-set license
Built from '2021.3/staging' branch; Version is '2021.3.6f1 (7da38d85baf6) revision 8233869'; Using compiler version '192829333'; Build Type 'Release'
OS: 'Windows 10  (10.0.19043) 64bit Enterprise' Language: 'fr' Physical Memory: 16332 MB
BatchMode: 1, IsHumanControllingUs: 0, StartBugReporterOnCrash: 0, Is64bit: 1, IsPro: 1

COMMAND LINE ARGUMENTS:
D:\Programmes (x86)\2021.3.6f1\Editor\Unity.exe
-adb2
-batchMode
-noUpm
-name
AssetImportWorker0
-projectPath
D:/Users/ghost/Bureau/Projets C#/TowerDefenseUnity
-logFile
Logs/AssetImportWorker0.log
-srvPort
58178
Successfully changed project path to: D:/Users/ghost/Bureau/Projets C#/TowerDefenseUnity
D:/Users/ghost/Bureau/Projets C#/TowerDefenseUnity
[UnityMemory] Configuration Parameters - Can be set up in boot.config
    "memorysetup-bucket-allocator-granularity=16"
    "memorysetup-bucket-allocator-bucket-count=8"
    "memorysetup-bucket-allocator-block-size=33554432"
    "memorysetup-bucket-allocator-block-count=8"
    "memorysetup-main-allocator-block-size=16777216"
    "memorysetup-thread-allocator-block-size=16777216"
    "memorysetup-gfx-main-allocator-block-size=16777216"
    "memorysetup-gfx-thread-allocator-block-size=16777216"
    "memorysetup-cache-allocator-block-size=4194304"
    "memorysetup-typetree-allocator-block-size=2097152"
    "memorysetup-profiler-bucket-allocator-granularity=16"
    "memorysetup-profiler-bucket-allocator-bucket-count=8"
    "memorysetup-profiler-bucket-allocator-block-size=33554432"
    "memorysetup-profiler-bucket-allocator-block-count=8"
    "memorysetup-profiler-allocator-block-size=16777216"
    "memorysetup-profiler-editor-allocator-block-size=1048576"
    "memorysetup-temp-allocator-size-main=16777216"
    "memorysetup-job-temp-allocator-block-size=2097152"
    "memorysetup-job-temp-allocator-block-size-background=1048576"
    "memorysetup-job-temp-allocator-reduction-small-platforms=262144"
    "memorysetup-temp-allocator-size-background-worker=32768"
    "memorysetup-temp-allocator-size-job-worker=262144"
    "memorysetup-temp-allocator-size-preload-manager=33554432"
    "memorysetup-temp-allocator-size-nav-mesh-worker=65536"
    "memorysetup-temp-allocator-size-audio-worker=65536"
    "memorysetup-temp-allocator-size-cloud-worker=32768"
    "memorysetup-temp-allocator-size-gi-baking-worker=262144"
    "memorysetup-temp-allocator-size-gfx=262144"
Refreshing native plugins compatible for Editor in 77.77 ms, found 3 plugins.
Preloading 0 native plugins for Editor in 0.00 ms.
Initialize engine version: 2021.3.6f1 (7da38d85baf6)
[Subsystems] Discovering subsystems at path D:/Programmes (x86)/2021.3.6f1/Editor/Data/Resources/UnitySubsystems
[Subsystems] Discovering subsystems at path D:/Users/ghost/Bureau/Projets C#/TowerDefenseUnity/Assets
GfxDevice: creating device client; threaded=0; jobified=0
Direct3D:
    Version:  Direct3D 11.0 [level 11.1]
    Renderer: NVIDIA GeForce RTX 2060 (ID=0x1e89)
    Vendor:   NVIDIA
    VRAM:     5968 MB
    Driver:   30.0.15.1295
Initialize mono
Mono path[0] = 'D:/Programmes (x86)/2021.3.6f1/Editor/Data/Managed'
Mono path[1] = 'D:/Programmes (x86)/2021.3.6f1/Editor/Data/MonoBleedingEdge/lib/mono/unityjit-win32'
Mono config path = 'D:/Programmes (x86)/2021.3.6f1/Editor/Data/MonoBleedingEdge/etc'
Using monoOptions --debugger-agent=transport=dt_socket,embedding=1,server=y,suspend=n,address=127.0.0.1:56440
Begin MonoManager ReloadAssembly
Registering precompiled unity dll's ...
Register platform support module: D:/Programmes (x86)/2021.3.6f1/Editor/Data/PlaybackEngines/WebGLSupport/UnityEditor.WebGL.Extensions.dll
Register platform support module: D:/Programmes (x86)/2021.3.6f1/Editor/Data/PlaybackEngines/WindowsStandaloneSupport/UnityEditor.WindowsStandalone.Extensions.dll
Registered in 0.002359 seconds.
Native extension for WindowsStandalone target not found
Native extension for WebGL target not found
Refreshing native plugins compatible for Editor in 80.29 ms, found 3 plugins.
Preloading 0 native plugins for Editor in 0.00 ms.
Mono: successfully reloaded assembly
- Completed reload, in  0.539 seconds
Domain Reload Profiling:
	ReloadAssembly (539ms)
		BeginReloadAssembly (56ms)
			ExecutionOrderSort (0ms)
			DisableScriptedObjects (0ms)
			BackupInstance (0ms)
			ReleaseScriptingObjects (0ms)
			CreateAndSetChildDomain (1ms)
		EndReloadAssembly (397ms)
			LoadAssemblies (55ms)
			RebuildTransferFunctionScriptingTraits (0ms)
			SetupTypeCache (88ms)
			ReleaseScriptCaches (0ms)
			RebuildScriptCaches (25ms)
			SetupLoadedEditorAssemblies (245ms)
				LogAssemblyErrors (0ms)
				InitializePlatformSupportModulesInManaged (6ms)
				SetLoadedEditorAssemblies (0ms)
				RefreshPlugins (80ms)
				BeforeProcessingInitializeOnLoad (1ms)
				ProcessInitializeOnLoadAttributes (118ms)
				ProcessInitializeOnLoadMethodAttributes (38ms)
				AfterProcessingInitializeOnLoad (0ms)
				EditorAssembliesLoaded (0ms)
			ExecutionOrderSort2 (0ms)
			AwakeInstancesAfterBackupRestoration (0ms)
Platform modules already initialized, skipping
Registering precompiled user dll's ...
Registered in 0.003349 seconds.
Begin MonoManager ReloadAssembly
Symbol file LoadedFromMemory doesn't match image D:\Users\ghost\Bureau\Projets C#\TowerDefenseUnity\Library\PackageCache\com.unity.visualscripting@1.7.8\Editor\VisualScripting.Core\Dependencies\YamlDotNet\Unity.VisualScripting.YamlDotNet.dll
Symbol file LoadedFromMemory doesn't match image D:\Users\ghost\Bureau\Projets C#\TowerDefenseUnity\Library\PackageCache\com.unity.visualscripting@1.7.8\Editor\VisualScripting.Core\Dependencies\DotNetZip\Unity.VisualScripting.IonicZip.dll
Native extension for WindowsStandalone target not found
Native extension for WebGL target not found
Refreshing native plugins compatible for Editor in 0.68 ms, found 3 plugins.
Preloading 0 native plugins for Editor in 0.00 ms.
Mono: successfully reloaded assembly
- Completed reload, in  0.850 seconds
Domain Reload Profiling:
	ReloadAssembly (851ms)
		BeginReloadAssembly (90ms)
			ExecutionOrderSort (0ms)
			DisableScriptedObjects (5ms)
			BackupInstance (0ms)
			ReleaseScriptingObjects (0ms)
			CreateAndSetChildDomain (18ms)
		EndReloadAssembly (667ms)
			LoadAssemblies (60ms)
			RebuildTransferFunctionScriptingTraits (0ms)
			SetupTypeCache (220ms)
			ReleaseScriptCaches (1ms)
			RebuildScriptCaches (43ms)
			SetupLoadedEditorAssemblies (311ms)
				LogAssemblyErrors (0ms)
				InitializePlatformSupportModulesInManaged (5ms)
				SetLoadedEditorAssemblies (0ms)
				RefreshPlugins (1ms)
				BeforeProcessingInitializeOnLoad (74ms)
				ProcessInitializeOnLoadAttributes (204ms)
				ProcessInitializeOnLoadMethodAttributes (24ms)
				AfterProcessingInitializeOnLoad (2ms)
				EditorAssembliesLoaded (0ms)
			ExecutionOrderSort2 (0ms)
			AwakeInstancesAfterBackupRestoration (5ms)
Platform modules already initialized, skipping
========================================================================
Worker process is ready to serve import requests
Launched and connected shader compiler UnityShaderCompiler.exe after 0.04 seconds
Refreshing native plugins compatible for Editor in 0.76 ms, found 3 plugins.
Preloading 0 native plugins for Editor in 0.00 ms.
Unloading 3401 Unused Serialized files (Serialized files now loaded: 0)
Unloading 27 unused Assets / (111.5 KB). Loaded Objects now: 3862.
Memory consumption went from 191.5 MB to 191.4 MB.
Total: 3.093400 ms (FindLiveObjects: 0.274300 ms CreateObjectMapping: 0.104300 ms MarkObjects: 2.597100 ms  DeleteObjects: 0.116900 ms)

AssetImportParameters requested are different than current active one (requested -> active):
  custom:video-decoder-ogg-theora: a1e56fd34408186e4bbccfd4996cb3dc -> 
  custom:container-muxer-webm: aa71ff27fc2769a1b78a27578f13a17b -> 
  custom:container-demuxer-webm: 4f35f7cbe854078d1ac9338744f61a02 -> 
  custom:video-encoder-webm-vp8: eb34c28f22e8b96e1ab97ce403110664 -> 
  custom:audio-encoder-webm-vorbis: bf7c407c2cedff20999df2af8eb42d56 -> 
  custom:framework-win-MediaFoundation: 216162199b28c13a410421893ffa2e32 -> 
  custom:container-demuxer-ogg: 62fdf1f143b41e24485cea50d1cbac27 -> 
  custom:video-decoder-webm-vp8: 9c59270c3fd7afecdb556c50c9e8de78 -> 
  custom:audio-decoder-ogg-vorbis: bf7c407c2cedff20999df2af8eb42d56 -> 
========================================================================
Received Import Request.
  Time since last request: 188143.556420 seconds.
  path: Assets/Prefabs/Ennemy/Ennemy.prefab
  artifactKey: Guid(967558c78dc1f264d885ee47ca2ae6cc) Importer(815301076,1909f56bfc062723c751e8b465ee728b)
Start importing Assets/Prefabs/Ennemy/Ennemy.prefab using Guid(967558c78dc1f264d885ee47ca2ae6cc) Importer(815301076,1909f56bfc062723c751e8b465ee728b)  -> (artifact id: '1018d5fbc7ca3523e6199f40f66d9505') in 0.118295 seconds 
========================================================================
Received Import Request.
  Time since last request: 5.757223 seconds.
  path: Assets/Scripts/Waves.cs
  artifactKey: Guid(05bb10131e4d61c4c92bc4869391e975) Importer(815301076,1909f56bfc062723c751e8b465ee728b)
Start importing Assets/Scripts/Waves.cs using Guid(05bb10131e4d61c4c92bc4869391e975) Importer(815301076,1909f56bfc062723c751e8b465ee728b)  -> (artifact id: 'c9c176eabbe34dd17ecf7dc9963681f8') in 0.009387 seconds 
========================================================================
Received Prepare
Registering precompiled user dll's ...
Registered in 0.004093 seconds.
Begin MonoManager ReloadAssembly
Symbol file LoadedFromMemory doesn't match image D:\Users\ghost\Bureau\Projets C#\TowerDefenseUnity\Library\PackageCache\com.unity.visualscripting@1.7.8\Editor\VisualScripting.Core\Dependencies\YamlDotNet\Unity.VisualScripting.YamlDotNet.dll
Symbol file LoadedFromMemory doesn't match image D:\Users\ghost\Bureau\Projets C#\TowerDefenseUnity\Library\PackageCache\com.unity.visualscripting@1.7.8\Editor\VisualScripting.Core\Dependencies\DotNetZip\Unity.VisualScripting.IonicZip.dll
Native extension for WindowsStandalone target not found
Native extension for WebGL target not found
Refreshing native plugins compatible for Editor in 0.66 ms, found 3 plugins.
Preloading 0 native plugins for Editor in 0.00 ms.
Mono: successfully reloaded assembly
- Completed reload, in  0.849 seconds
Domain Reload Profiling:
	ReloadAssembly (849ms)
		BeginReloadAssembly (130ms)
			ExecutionOrderSort (0ms)
			DisableScriptedObjects (5ms)
			BackupInstance (0ms)
			ReleaseScriptingObjects (0ms)
			CreateAndSetChildDomain (40ms)
		EndReloadAssembly (628ms)
			LoadAssemblies (64ms)
			RebuildTransferFunctionScriptingTraits (0ms)
			SetupTypeCache (232ms)
			ReleaseScriptCaches (1ms)
			RebuildScriptCaches (34ms)
			SetupLoadedEditorAssemblies (269ms)
				LogAssemblyErrors (0ms)
				InitializePlatformSupportModulesInManaged (11ms)
				SetLoadedEditorAssemblies (0ms)
				RefreshPlugins (1ms)
				BeforeProcessingInitializeOnLoad (55ms)
				ProcessInitializeOnLoadAttributes (177ms)
				ProcessInitializeOnLoadMethodAttributes (22ms)
				AfterProcessingInitializeOnLoad (2ms)
				EditorAssembliesLoaded (0ms)
			ExecutionOrderSort2 (0ms)
			AwakeInstancesAfterBackupRestoration (5ms)
Platform modules already initialized, skipping
Refreshing native plugins compatible for Editor in 1.94 ms, found 3 plugins.
Preloading 0 native plugins for Editor in 0.00 ms.
Unloading 3384 Unused Serialized files (Serialized files now loaded: 0)
Unloading 20 unused Assets / (78.8 KB). Loaded Objects now: 3874.
Memory consumption went from 194.6 MB to 194.5 MB.
Total: 3.274200 ms (FindLiveObjects: 0.270800 ms CreateObjectMapping: 0.091300 ms MarkObjects: 2.811300 ms  DeleteObjects: 0.099900 ms)

AssetImportParameters requested are different than current active one (requested -> active):
  custom:video-decoder-ogg-theora: a1e56fd34408186e4bbccfd4996cb3dc -> 
  custom:container-muxer-webm: aa71ff27fc2769a1b78a27578f13a17b -> 
  custom:container-demuxer-webm: 4f35f7cbe854078d1ac9338744f61a02 -> 
  custom:video-encoder-webm-vp8: eb34c28f22e8b96e1ab97ce403110664 -> 
  custom:audio-encoder-webm-vorbis: bf7c407c2cedff20999df2af8eb42d56 -> 
  custom:framework-win-MediaFoundation: 216162199b28c13a410421893ffa2e32 -> 
  custom:container-demuxer-ogg: 62fdf1f143b41e24485cea50d1cbac27 -> 
  custom:video-decoder-webm-vp8: 9c59270c3fd7afecdb556c50c9e8de78 -> 
  custom:audio-decoder-ogg-vorbis: bf7c407c2cedff20999df2af8eb42d56 -> 
========================================================================
Received Prepare
Registering precompiled user dll's ...
Registered in 0.003013 seconds.
Begin MonoManager ReloadAssembly
Symbol file LoadedFromMemory doesn't match image D:\Users\ghost\Bureau\Projets C#\TowerDefenseUnity\Library\PackageCache\com.unity.visualscripting@1.7.8\Editor\VisualScripting.Core\Dependencies\YamlDotNet\Unity.VisualScripting.YamlDotNet.dll
Symbol file LoadedFromMemory doesn't match image D:\Users\ghost\Bureau\Projets C#\TowerDefenseUnity\Library\PackageCache\com.unity.visualscripting@1.7.8\Editor\VisualScripting.Core\Dependencies\DotNetZip\Unity.VisualScripting.IonicZip.dll
Native extension for WindowsStandalone target not found
Native extension for WebGL target not found
Refreshing native plugins compatible for Editor in 0.65 ms, found 3 plugins.
Preloading 0 native plugins for Editor in 0.00 ms.
Mono: successfully reloaded assembly
- Completed reload, in  0.871 seconds
Domain Reload Profiling:
	ReloadAssembly (871ms)
		BeginReloadAssembly (116ms)
			ExecutionOrderSort (0ms)
			DisableScriptedObjects (5ms)
			BackupInstance (0ms)
			ReleaseScriptingObjects (0ms)
			CreateAndSetChildDomain (34ms)
		EndReloadAssembly (664ms)
			LoadAssemblies (67ms)
			RebuildTransferFunctionScriptingTraits (0ms)
			SetupTypeCache (235ms)
			ReleaseScriptCaches (1ms)
			RebuildScriptCaches (34ms)
			SetupLoadedEditorAssemblies (294ms)
				LogAssemblyErrors (0ms)
				InitializePlatformSupportModulesInManaged (11ms)
				SetLoadedEditorAssemblies (0ms)
				RefreshPlugins (1ms)
				BeforeProcessingInitializeOnLoad (61ms)
				ProcessInitializeOnLoadAttributes (194ms)
				ProcessInitializeOnLoadMethodAttributes (24ms)
				AfterProcessingInitializeOnLoad (2ms)
				EditorAssembliesLoaded (0ms)
			ExecutionOrderSort2 (0ms)
			AwakeInstancesAfterBackupRestoration (5ms)
Platform modules already initialized, skipping
Refreshing native plugins compatible for Editor in 1.58 ms, found 3 plugins.
Preloading 0 native plugins for Editor in 0.00 ms.
Unloading 3384 Unused Serialized files (Serialized files now loaded: 0)
Unloading 20 unused Assets / (78.7 KB). Loaded Objects now: 3877.
Memory consumption went from 194.6 MB to 194.5 MB.
Total: 2.889600 ms (FindLiveObjects: 0.298700 ms CreateObjectMapping: 0.091700 ms MarkObjects: 2.408000 ms  DeleteObjects: 0.090200 ms)

AssetImportParameters requested are different than current active one (requested -> active):
  custom:video-decoder-ogg-theora: a1e56fd34408186e4bbccfd4996cb3dc -> 
  custom:container-muxer-webm: aa71ff27fc2769a1b78a27578f13a17b -> 
  custom:container-demuxer-webm: 4f35f7cbe854078d1ac9338744f61a02 -> 
  custom:video-encoder-webm-vp8: eb34c28f22e8b96e1ab97ce403110664 -> 
  custom:audio-encoder-webm-vorbis: bf7c407c2cedff20999df2af8eb42d56 -> 
  custom:framework-win-MediaFoundation: 216162199b28c13a410421893ffa2e32 -> 
  custom:container-demuxer-ogg: 62fdf1f143b41e24485cea50d1cbac27 -> 
  custom:video-decoder-webm-vp8: 9c59270c3fd7afecdb556c50c9e8de78 -> 
  custom:audio-decoder-ogg-vorbis: bf7c407c2cedff20999df2af8eb42d56 -> 
========================================================================
Received Import Request.
  Time since last request: 422.180882 seconds.
  path: Assets/Ennemies
  artifactKey: Guid(4b4ffe8b3f1c8d64da49a757df939708) Importer(815301076,1909f56bfc062723c751e8b465ee728b)
Start importing Assets/Ennemies using Guid(4b4ffe8b3f1c8d64da49a757df939708) Importer(815301076,1909f56bfc062723c751e8b465ee728b)  -> (artifact id: '7c8cddd14b986d8c0e616ae75c60022c') in 0.010374 seconds 
========================================================================
Received Import Request.
  Time since last request: 5.753680 seconds.
  path: Assets/Ennemies/New Folder
  artifactKey: Guid(b7f811d6add1eae4ea40d51d81f08f3c) Importer(815301076,1909f56bfc062723c751e8b465ee728b)
Start importing Assets/Ennemies/New Folder using Guid(b7f811d6add1eae4ea40d51d81f08f3c) Importer(815301076,1909f56bfc062723c751e8b465ee728b)  -> (artifact id: '5669ffd20d5dbc6b5946e16747e91bfc') in 0.004950 seconds 
========================================================================
Received Import Request.
  Time since last request: 0.931697 seconds.
  path: Assets/Ennemies/New Folder 1
  artifactKey: Guid(2e325f1fa75631641a475ee14ec1b943) Importer(815301076,1909f56bfc062723c751e8b465ee728b)
Start importing Assets/Ennemies/New Folder 1 using Guid(2e325f1fa75631641a475ee14ec1b943) Importer(815301076,1909f56bfc062723c751e8b465ee728b)  -> (artifact id: '81f69cbd951ce0d97178b151cc46a54a') in 0.004966 seconds 
========================================================================
Received Import Request.
  Time since last request: 0.263151 seconds.
  path: Assets/Ennemies/New Folder 2
  artifactKey: Guid(848b0c7799f592b4f844bad1557cac62) Importer(815301076,1909f56bfc062723c751e8b465ee728b)
Start importing Assets/Ennemies/New Folder 2 using Guid(848b0c7799f592b4f844bad1557cac62) Importer(815301076,1909f56bfc062723c751e8b465ee728b)  -> (artifact id: '363c6616b9da250630deaf675525b77b') in 0.004854 seconds 
========================================================================
Received Import Request.
  Time since last request: 4.306488 seconds.
  path: Assets/Ennemies/Fast
  artifactKey: Guid(b7f811d6add1eae4ea40d51d81f08f3c) Importer(815301076,1909f56bfc062723c751e8b465ee728b)
Start importing Assets/Ennemies/Fast using Guid(b7f811d6add1eae4ea40d51d81f08f3c) Importer(815301076,1909f56bfc062723c751e8b465ee728b)  -> (artifact id: '63fd03788b7b9bda7f0404c270f93f07') in 0.004869 seconds 
========================================================================
Received Import Request.
  Time since last request: 5.709405 seconds.
  path: Assets/Ennemies/Medium
  artifactKey: Guid(2e325f1fa75631641a475ee14ec1b943) Importer(815301076,1909f56bfc062723c751e8b465ee728b)
Start importing Assets/Ennemies/Medium using Guid(2e325f1fa75631641a475ee14ec1b943) Importer(815301076,1909f56bfc062723c751e8b465ee728b)  -> (artifact id: '64e3aeed5d3b06d9086543bc79dfffae') in 0.004934 seconds 
========================================================================
Received Import Request.
  Time since last request: 4.094866 seconds.
  path: Assets/Ennemies/Slow
  artifactKey: Guid(848b0c7799f592b4f844bad1557cac62) Importer(815301076,1909f56bfc062723c751e8b465ee728b)
Start importing Assets/Ennemies/Slow using Guid(848b0c7799f592b4f844bad1557cac62) Importer(815301076,1909f56bfc062723c751e8b465ee728b)  -> (artifact id: 'eabd7d6c2637f856f5e008b9644851ea') in 0.004715 seconds 
========================================================================
Received Import Request.
  Time since last request: 90.640461 seconds.
  path: Assets/Materials/SkyMenu.mat
  artifactKey: Guid(9f5734c04f6399b4e90c841920b0080e) Importer(815301076,1909f56bfc062723c751e8b465ee728b)
Start importing Assets/Materials/SkyMenu.mat using Guid(9f5734c04f6399b4e90c841920b0080e) Importer(815301076,1909f56bfc062723c751e8b465ee728b)  -> (artifact id: 'b33afe933f09aaa635b590115ca02fea') in 0.068647 seconds 
========================================================================
Received Import Request.
  Time since last request: 24.453589 seconds.
  path: Assets/Ennemies/Medium/Ennemy.prefab
  artifactKey: Guid(967558c78dc1f264d885ee47ca2ae6cc) Importer(815301076,1909f56bfc062723c751e8b465ee728b)
Start importing Assets/Ennemies/Medium/Ennemy.prefab using Guid(967558c78dc1f264d885ee47ca2ae6cc) Importer(815301076,1909f56bfc062723c751e8b465ee728b)  -> (artifact id: 'b9028134f58738a5aa311b6b59504e64') in 0.028748 seconds 
========================================================================
Received Import Request.
  Time since last request: 0.000023 seconds.
  path: Assets/Ennemies/Medium/EnnemyDeathEffect.prefab
  artifactKey: Guid(6b6879c7a0e051741bb832b310c5b2a1) Importer(815301076,1909f56bfc062723c751e8b465ee728b)
Start importing Assets/Ennemies/Medium/EnnemyDeathEffect.prefab using Guid(6b6879c7a0e051741bb832b310c5b2a1) Importer(815301076,1909f56bfc062723c751e8b465ee728b)  -> (artifact id: '7e544f9f07a0c6e507bf1f8909166fa4') in 0.019582 seconds 
========================================================================
Received Import Request.
  Time since last request: 18.262752 seconds.
  path: Assets/Ennemies/Medium/Ennemy_medium.prefab
  artifactKey: Guid(967558c78dc1f264d885ee47ca2ae6cc) Importer(815301076,1909f56bfc062723c751e8b465ee728b)
Start importing Assets/Ennemies/Medium/Ennemy_medium.prefab using Guid(967558c78dc1f264d885ee47ca2ae6cc) Importer(815301076,1909f56bfc062723c751e8b465ee728b)  -> (artifact id: '90ce66d3c66e3ff00e344f7edce8cc3c') in 0.012740 seconds 
========================================================================
Received Import Request.
  Time since last request: 11.220136 seconds.
  path: Assets/Ennemies/Medium/Ennemy_medium.prefab
  artifactKey: Guid(967558c78dc1f264d885ee47ca2ae6cc) Importer(815301076,1909f56bfc062723c751e8b465ee728b)
Start importing Assets/Ennemies/Medium/Ennemy_medium.prefab using Guid(967558c78dc1f264d885ee47ca2ae6cc) Importer(815301076,1909f56bfc062723c751e8b465ee728b)  -> (artifact id: '1bc9d46187df6f76dcf0d3430c455615') in 0.019989 seconds 
========================================================================
Received Import Request.
  Time since last request: 12.560241 seconds.
  path: Assets/Ennemies/Medium/Ennemy_medium_DeathEffect.prefab
  artifactKey: Guid(6b6879c7a0e051741bb832b310c5b2a1) Importer(815301076,1909f56bfc062723c751e8b465ee728b)
Start importing Assets/Ennemies/Medium/Ennemy_medium_DeathEffect.prefab using Guid(6b6879c7a0e051741bb832b310c5b2a1) Importer(815301076,1909f56bfc062723c751e8b465ee728b)  -> (artifact id: '3747fe1b8fb29179b1a6430f31048b6b') in 0.063860 seconds 
========================================================================
Received Import Request.
  Time since last request: 5.565411 seconds.
  path: Assets/Ennemies/Medium/Ennemy_medium 1.prefab
  artifactKey: Guid(89f22fb8e0c9c3342b93192683e828c0) Importer(815301076,1909f56bfc062723c751e8b465ee728b)
Start importing Assets/Ennemies/Medium/Ennemy_medium 1.prefab using Guid(89f22fb8e0c9c3342b93192683e828c0) Importer(815301076,1909f56bfc062723c751e8b465ee728b)  -> (artifact id: '26aa0476d8b78b4a146db97e8469ece0') in 0.012269 seconds 
========================================================================
Received Import Request.
  Time since last request: 10.960214 seconds.
  path: Assets/Ennemies/Fast/Ennemy_slow 1.prefab
  artifactKey: Guid(89f22fb8e0c9c3342b93192683e828c0) Importer(815301076,1909f56bfc062723c751e8b465ee728b)
Start importing Assets/Ennemies/Fast/Ennemy_slow 1.prefab using Guid(89f22fb8e0c9c3342b93192683e828c0) Importer(815301076,1909f56bfc062723c751e8b465ee728b)  -> (artifact id: '59290ee551d8e1444310d77a5ab9555b') in 0.033776 seconds 
========================================================================
Received Import Request.
  Time since last request: 10.369851 seconds.
  path: Assets/Ennemies/Fast/Ennemy_slow_Material 1.mat
  artifactKey: Guid(52140d246ead792488b87159b572422c) Importer(815301076,1909f56bfc062723c751e8b465ee728b)
Start importing Assets/Ennemies/Fast/Ennemy_slow_Material 1.mat using Guid(52140d246ead792488b87159b572422c) Importer(815301076,1909f56bfc062723c751e8b465ee728b)  -> (artifact id: 'aa2c8ea346af347288500acfb36c13ca') in 0.025800 seconds 
========================================================================
Received Import Request.
  Time since last request: 8.807302 seconds.
  path: Assets/Ennemies/Fast/Ennemy_slow_DeathEffect 1.prefab
  artifactKey: Guid(4c50667b578cd7f4e844d6640d387fcf) Importer(815301076,1909f56bfc062723c751e8b465ee728b)
Start importing Assets/Ennemies/Fast/Ennemy_slow_DeathEffect 1.prefab using Guid(4c50667b578cd7f4e844d6640d387fcf) Importer(815301076,1909f56bfc062723c751e8b465ee728b)  -> (artifact id: '25515bc60a3dda5ff174cb2a32033edf') in 0.025248 seconds 
========================================================================
Received Import Request.
  Time since last request: 22.364767 seconds.
  path: Assets/Ennemies/Fast/Ennemy_slow_DeathEffect 1.prefab
  artifactKey: Guid(4c50667b578cd7f4e844d6640d387fcf) Importer(815301076,1909f56bfc062723c751e8b465ee728b)
Start importing Assets/Ennemies/Fast/Ennemy_slow_DeathEffect 1.prefab using Guid(4c50667b578cd7f4e844d6640d387fcf) Importer(815301076,1909f56bfc062723c751e8b465ee728b)  -> (artifact id: '31f745abe1f412967937ad49d5125cb9') in 0.008453 seconds 
========================================================================
Received Prepare
Registering precompiled user dll's ...
Registered in 0.003051 seconds.
Begin MonoManager ReloadAssembly
Symbol file LoadedFromMemory doesn't match image D:\Users\ghost\Bureau\Projets C#\TowerDefenseUnity\Library\PackageCache\com.unity.visualscripting@1.7.8\Editor\VisualScripting.Core\Dependencies\YamlDotNet\Unity.VisualScripting.YamlDotNet.dll
Symbol file LoadedFromMemory doesn't match image D:\Users\ghost\Bureau\Projets C#\TowerDefenseUnity\Library\PackageCache\com.unity.visualscripting@1.7.8\Editor\VisualScripting.Core\Dependencies\DotNetZip\Unity.VisualScripting.IonicZip.dll
Native extension for WindowsStandalone target not found
Native extension for WebGL target not found
Refreshing native plugins compatible for Editor in 0.69 ms, found 3 plugins.
Preloading 0 native plugins for Editor in 0.00 ms.
Mono: successfully reloaded assembly
- Completed reload, in  0.886 seconds
Domain Reload Profiling:
	ReloadAssembly (887ms)
		BeginReloadAssembly (118ms)
			ExecutionOrderSort (0ms)
			DisableScriptedObjects (3ms)
			BackupInstance (0ms)
			ReleaseScriptingObjects (0ms)
			CreateAndSetChildDomain (35ms)
		EndReloadAssembly (687ms)
			LoadAssemblies (71ms)
			RebuildTransferFunctionScriptingTraits (0ms)
			SetupTypeCache (223ms)
			ReleaseScriptCaches (1ms)
			RebuildScriptCaches (36ms)
			SetupLoadedEditorAssemblies (318ms)
				LogAssemblyErrors (0ms)
				InitializePlatformSupportModulesInManaged (12ms)
				SetLoadedEditorAssemblies (0ms)
				RefreshPlugins (1ms)
				BeforeProcessingInitializeOnLoad (65ms)
				ProcessInitializeOnLoadAttributes (211ms)
				ProcessInitializeOnLoadMethodAttributes (26ms)
				AfterProcessingInitializeOnLoad (2ms)
				EditorAssembliesLoaded (0ms)
			ExecutionOrderSort2 (0ms)
			AwakeInstancesAfterBackupRestoration (6ms)
Platform modules already initialized, skipping
Refreshing native plugins compatible for Editor in 1.81 ms, found 3 plugins.
Preloading 0 native plugins for Editor in 0.00 ms.
Unloading 3384 Unused Serialized files (Serialized files now loaded: 0)
Unloading 20 unused Assets / (78.7 KB). Loaded Objects now: 3913.
Memory consumption went from 194.9 MB to 194.8 MB.
Total: 3.047300 ms (FindLiveObjects: 0.331000 ms CreateObjectMapping: 0.230300 ms MarkObjects: 2.395300 ms  DeleteObjects: 0.089900 ms)

AssetImportParameters requested are different than current active one (requested -> active):
  custom:video-decoder-ogg-theora: a1e56fd34408186e4bbccfd4996cb3dc -> 
  custom:container-muxer-webm: aa71ff27fc2769a1b78a27578f13a17b -> 
  custom:container-demuxer-webm: 4f35f7cbe854078d1ac9338744f61a02 -> 
  custom:video-encoder-webm-vp8: eb34c28f22e8b96e1ab97ce403110664 -> 
  custom:audio-encoder-webm-vorbis: bf7c407c2cedff20999df2af8eb42d56 -> 
  custom:framework-win-MediaFoundation: 216162199b28c13a410421893ffa2e32 -> 
  custom:container-demuxer-ogg: 62fdf1f143b41e24485cea50d1cbac27 -> 
  custom:video-decoder-webm-vp8: 9c59270c3fd7afecdb556c50c9e8de78 -> 
  custom:audio-decoder-ogg-vorbis: bf7c407c2cedff20999df2af8eb42d56 -> 
========================================================================
Received Import Request.
  Time since last request: 67.538143 seconds.
  path: Assets/Ennemies/Slow/Ennemy_slow 1.prefab
  artifactKey: Guid(89f22fb8e0c9c3342b93192683e828c0) Importer(815301076,1909f56bfc062723c751e8b465ee728b)
Start importing Assets/Ennemies/Slow/Ennemy_slow 1.prefab using Guid(89f22fb8e0c9c3342b93192683e828c0) Importer(815301076,1909f56bfc062723c751e8b465ee728b)  -> (artifact id: '7037bac429b3bbcddbe5fa02e6af4a0e') in 0.075705 seconds 
========================================================================
Received Import Request.
  Time since last request: 7.447779 seconds.
  path: Assets/Ennemies/Slow/Ennemy_slow 1.prefab
  artifactKey: Guid(89f22fb8e0c9c3342b93192683e828c0) Importer(815301076,1909f56bfc062723c751e8b465ee728b)
Start importing Assets/Ennemies/Slow/Ennemy_slow 1.prefab using Guid(89f22fb8e0c9c3342b93192683e828c0) Importer(815301076,1909f56bfc062723c751e8b465ee728b)  -> (artifact id: '87d2df42ce354566ee70d5b8c6455bd0') in 0.013735 seconds 
========================================================================
Received Import Request.
  Time since last request: 0.000021 seconds.
  path: Assets/Ennemies/Slow/Ennemy_slow_Material.mat
  artifactKey: Guid(52140d246ead792488b87159b572422c) Importer(815301076,1909f56bfc062723c751e8b465ee728b)
Start importing Assets/Ennemies/Slow/Ennemy_slow_Material.mat using Guid(52140d246ead792488b87159b572422c) Importer(815301076,1909f56bfc062723c751e8b465ee728b)  -> (artifact id: '557862ea4b28a33ac44a50a0aa51e0e2') in 0.026884 seconds 
========================================================================
Received Import Request.
  Time since last request: 25.722944 seconds.
  path: Assets/Ennemies/Slow/Ennemy_slow 1.prefab
  artifactKey: Guid(89f22fb8e0c9c3342b93192683e828c0) Importer(815301076,1909f56bfc062723c751e8b465ee728b)
Start importing Assets/Ennemies/Slow/Ennemy_slow 1.prefab using Guid(89f22fb8e0c9c3342b93192683e828c0) Importer(815301076,1909f56bfc062723c751e8b465ee728b)  -> (artifact id: '8b6c16086b4e1d78534cee65d2f340dd') in 0.010397 seconds 
========================================================================
Received Import Request.
  Time since last request: 8.163037 seconds.
  path: Assets/Ennemies/Slow/Ennemy_slow 1.prefab
  artifactKey: Guid(89f22fb8e0c9c3342b93192683e828c0) Importer(815301076,1909f56bfc062723c751e8b465ee728b)
Start importing Assets/Ennemies/Slow/Ennemy_slow 1.prefab using Guid(89f22fb8e0c9c3342b93192683e828c0) Importer(815301076,1909f56bfc062723c751e8b465ee728b)  -> (artifact id: 'f1ef41cae51fa553c7e5ff923a2ec7b0') in 0.035422 seconds 
========================================================================
Received Import Request.
  Time since last request: 2.416948 seconds.
  path: Assets/Ennemies/Slow/Ennemy_slow 1.prefab
  artifactKey: Guid(89f22fb8e0c9c3342b93192683e828c0) Importer(815301076,1909f56bfc062723c751e8b465ee728b)
Start importing Assets/Ennemies/Slow/Ennemy_slow 1.prefab using Guid(89f22fb8e0c9c3342b93192683e828c0) Importer(815301076,1909f56bfc062723c751e8b465ee728b)  -> (artifact id: '2dbcce5caf2a9624f43084d3b0678d9f') in 0.009426 seconds 
========================================================================
Received Import Request.
  Time since last request: 7.936605 seconds.
  path: Assets/Ennemies/Slow/Ennemy_slow 1.prefab
  artifactKey: Guid(89f22fb8e0c9c3342b93192683e828c0) Importer(815301076,1909f56bfc062723c751e8b465ee728b)
Start importing Assets/Ennemies/Slow/Ennemy_slow 1.prefab using Guid(89f22fb8e0c9c3342b93192683e828c0) Importer(815301076,1909f56bfc062723c751e8b465ee728b)  -> (artifact id: '75c67affdfc44863f9fcc7db75bc0fde') in 0.011586 seconds 
========================================================================
Received Import Request.
  Time since last request: 8.591816 seconds.
  path: Assets/Ennemies/Slow/Ennemy_slow 1.prefab
  artifactKey: Guid(89f22fb8e0c9c3342b93192683e828c0) Importer(815301076,1909f56bfc062723c751e8b465ee728b)
Start importing Assets/Ennemies/Slow/Ennemy_slow 1.prefab using Guid(89f22fb8e0c9c3342b93192683e828c0) Importer(815301076,1909f56bfc062723c751e8b465ee728b)  -> (artifact id: 'e0d3138c2459e4be37596ac25fbd5f13') in 0.008970 seconds 
========================================================================
Received Import Request.
  Time since last request: 1595.621470 seconds.
  path: Assets/Ennemies/Slow/Ennemy_slow 1.prefab
  artifactKey: Guid(89f22fb8e0c9c3342b93192683e828c0) Importer(815301076,1909f56bfc062723c751e8b465ee728b)
Start importing Assets/Ennemies/Slow/Ennemy_slow 1.prefab using Guid(89f22fb8e0c9c3342b93192683e828c0) Importer(815301076,1909f56bfc062723c751e8b465ee728b)  -> (artifact id: '79276af05523ba3171b1aacbdcd3343b') in 0.041609 seconds 
========================================================================
Received Import Request.
  Time since last request: 0.000031 seconds.
  path: Assets/Ennemies/Slow/Ennemy_slow_DeathEffect 2.prefab
  artifactKey: Guid(34e650c069a6bb0479856e0b02bc48e9) Importer(815301076,1909f56bfc062723c751e8b465ee728b)
Start importing Assets/Ennemies/Slow/Ennemy_slow_DeathEffect 2.prefab using Guid(34e650c069a6bb0479856e0b02bc48e9) Importer(815301076,1909f56bfc062723c751e8b465ee728b)  -> (artifact id: 'a8253481e2e146ae72b13b9e7d08e64d') in 0.020435 seconds 
========================================================================
Received Import Request.
  Time since last request: 0.000020 seconds.
  path: Assets/Ennemies/Slow/Ennemy_slow_DeathEffect 1.prefab
  artifactKey: Guid(4c50667b578cd7f4e844d6640d387fcf) Importer(815301076,1909f56bfc062723c751e8b465ee728b)
Start importing Assets/Ennemies/Slow/Ennemy_slow_DeathEffect 1.prefab using Guid(4c50667b578cd7f4e844d6640d387fcf) Importer(815301076,1909f56bfc062723c751e8b465ee728b)  -> (artifact id: 'b9f96e2987df0e99b61e8672e103f6ff') in 0.011481 seconds 
========================================================================
Received Import Request.
  Time since last request: 0.000028 seconds.
  path: Assets/Ennemies/Slow/Ennemy_slow_Material 1.mat
  artifactKey: Guid(aaf2549dbe8d2ce4d91fbf6fe081db89) Importer(815301076,1909f56bfc062723c751e8b465ee728b)
Start importing Assets/Ennemies/Slow/Ennemy_slow_Material 1.mat using Guid(aaf2549dbe8d2ce4d91fbf6fe081db89) Importer(815301076,1909f56bfc062723c751e8b465ee728b)  -> (artifact id: '23727372348d19d15d52022c90ba6bba') in 0.018263 seconds 
========================================================================
Received Import Request.
  Time since last request: 9.361858 seconds.
  path: Assets/Ennemies/Fast/Slow 1/Ennemy_slow_DeathEffect 1.prefab
  artifactKey: Guid(ad0ea290285bb444eae48234a7fdac14) Importer(815301076,1909f56bfc062723c751e8b465ee728b)
Start importing Assets/Ennemies/Fast/Slow 1/Ennemy_slow_DeathEffect 1.prefab using Guid(ad0ea290285bb444eae48234a7fdac14) Importer(815301076,1909f56bfc062723c751e8b465ee728b)  -> (artifact id: '2764cc982a6d1fae1a54df4373c29e1a') in 0.010117 seconds 
Editor requested this worker to shutdown with reason: Scaling down because of idle timeout
AssetImportWorker is now disconnected from the server
Process exiting
Exiting without the bug reporter. Application will terminate with return code 0